MSG 05/08/2015 17:10:26 Send an email to: mail.center.test@gmail.com
ERR 05/08/2015 17:10:27 could not send email to 
ERR 05/08/2015 17:10:27 in function:   at System.String.InternalSubStringWithChecks(Int32 startIndex, Int32 length, Boolean fAlwaysCopy)
   at System.String.Substring(Int32 startIndex)
   at ConsoleApplication1.ParserUtils.StartEmailBody(String emailBody, String webSite) in c:\Users\Tal\Documents\GitHub\SADNA\ConsoleApplication1\Utils\ParserUtils.cs:line 48
   at ConsoleApplication1.ParserUtils.GetOrderDate(String emailBody, String webSite) in c:\Users\Tal\Documents\GitHub\SADNA\ConsoleApplication1\Utils\ParserUtils.cs:line 14
   at ConsoleApplication1.Utils.ConnectionUtils.checkIfCurrentHandleEmail(Pop3Client client, String userName, String emailSubject, DateTime orderDate, Int32 index) in c:\Users\Tal\Documents\GitHub\SADNA\ConsoleApplication1\Utils\ConnectionUtils.cs:line 58
   at ConsoleApplication1.Utils.ConnectionUtils.FindIDFromImapToPop3(Pop3Client client, String userName, String emailSubject, DateTime orderDate) in c:\Users\Tal\Documents\GitHub\SADNA\ConsoleApplication1\Utils\ConnectionUtils.cs:line 40
   at ConsoleApplication1.Parser.Parser.parseEmailImages(String userName, String emailSubject, DateTime orderDate) in c:\Users\Tal\Documents\GitHub\SADNA\ConsoleApplication1\Parser\Parser.cs:line 77
   at ConsoleApplication1.Parser.Ebay.Versions.EBayParserVer2.parseEmailImages(String userName, String emailSubject, DateTime orderDate) in c:\Users\Tal\Documents\GitHub\SADNA\ConsoleApplication1\Parser\Ebay\Versions\EBayParserVer2.cs:line 24
   at ConsoleApplication1.Parser.Ebay.Versions.EBayParserVer2.ParseEmail(MailMessage mailDetails, UInt32 uid) in c:\Users\Tal\Documents\GitHub\SADNA\ConsoleApplication1\Parser\Ebay\Versions\EBayParserVer2.cs:line 62
   at ConsoleApplication1.MailManager.handleMessage(MailMessage mailDetails, UInt32 uid) in c:\Users\Tal\Documents\GitHub\SADNA\ConsoleApplication1\MailManager.cs:line 69
ERR 05/08/2015 17:10:27 Error Message: StartIndex cannot be less than zero.
Parameter name: startIndex
MSG 05/08/2015 17:39:28 Send an email to: mail.center.test@gmail.com
MSG 05/08/2015 17:50:33 Send an email to: mail.center.test@gmail.com
MSG 05/08/2015 17:51:56 Send an email to: mail.center.test@gmail.com
MSG 05/08/2015 17:55:28 Send an email to: mail.center.test@gmail.com
MSG 05/08/2015 17:59:12 Send an email to: mail.center.test@gmail.com
MSG 05/08/2015 17:59:37 Send an email to: mail.center.test@gmail.com
MSG 05/08/2015 17:59:44 Send an email to: mail.center.test@gmail.com
MSG 05/08/2015 17:59:48 Send bad Parse mail to + boughtIt.failed.parse@gmail.com
ERR 05/08/2015 17:59:48 in function:   at System.String.InternalSubStringWithChecks(Int32 startIndex, Int32 length, Boolean fAlwaysCopy)
   at System.String.Substring(Int32 startIndex, Int32 length)
   at ConsoleApplication1.Parser.Ebay.Versions.EBayParserVer1.ParseEmail(MailMessage mailDetails, UInt32 uid) in c:\Users\Tal\Documents\GitHub\SADNA\ConsoleApplication1\Parser\Ebay\Versions\EBayParserVer1.cs:line 53
   at ConsoleApplication1.MailManager.handleMessage(MailMessage mailDetails, UInt32 uid) in c:\Users\Tal\Documents\GitHub\SADNA\ConsoleApplication1\MailManager.cs:line 69
ERR 05/08/2015 17:59:48 Error Message: StartIndex cannot be less than zero.
Parameter name: startIndex
MSG 05/08/2015 18:25:48 Send an email to: mail.center.test@gmail.com
MSG 05/08/2015 18:29:05 Send an email to: mail.center.test@gmail.com
MSG 05/08/2015 18:32:14 Send an email to: mail.center.test@gmail.com
MSG 05/08/2015 18:33:27 Send an email to: mail.center.test@gmail.com
MSG 05/08/2015 18:35:02 Send an email to: mail.center.test@gmail.com
ERR 05/08/2015 18:35:02 in function:   at ConsoleApplication1.Parser.ParserFactory.CreatePraser(String emailBody, OrderData orderData) in c:\Users\Tal\Documents\GitHub\SADNA\ConsoleApplication1\Parser\ParserFactory.cs:line 37
   at ConsoleApplication1.MailManager.handleMessage(MailMessage mailDetails, UInt32 uid) in c:\Users\Tal\Documents\GitHub\SADNA\ConsoleApplication1\MailManager.cs:line 68
ERR 05/08/2015 18:35:02 Error Message: This shopping web site doesn't is not supported with an automatic parser yet
MSG 05/08/2015 18:50:47 Send an email to: mail.center.test@gmail.com
